2024-11-02 17:55:15 INFO  cz.itnetwork.evidencepojisteni.Main - Starting Main using Java 22.0.1 with PID 7520 (C:\Users\uživatel\Dropbox\Java_Projects\ZaverecnyProjektSach\target\classes started by uživatel in C:\Users\uživatel\Dropbox\Java_Projects\ZaverecnyProjektSach)
2024-11-02 17:55:15 INFO  cz.itnetwork.evidencepojisteni.Main - No active profile set, falling back to 1 default profile: "default"
2024-11-02 17:55:22 INFO  o.s.d.r.c.RepositoryConfigurationDelegate - Bootstrapping Spring Data JPA repositories in DEFAULT mode.
2024-11-02 17:55:23 INFO  o.s.d.r.c.RepositoryConfigurationDelegate - Finished Spring Data repository scanning in 664 ms. Found 1 JPA repository interface.
2024-11-02 17:55:28 INFO  o.h.jpa.internal.util.LogHelper - HHH000204: Processing PersistenceUnitInfo [name: default]
2024-11-02 17:55:28 INFO  org.hibernate.Version - HHH000412: Hibernate ORM core version 6.5.3.Final
2024-11-02 17:55:29 INFO  o.h.c.i.RegionFactoryInitiator - HHH000026: Second-level cache disabled
2024-11-02 17:55:31 INFO  o.s.o.j.p.SpringPersistenceUnitInfo - No LoadTimeWeaver setup: ignoring JPA class transformer
2024-11-02 17:55:31 INFO  com.zaxxer.hikari.HikariDataSource - HikariPool-1 - Starting...
2024-11-02 17:55:35 INFO  com.zaxxer.hikari.pool.HikariPool - HikariPool-1 - Added connection org.postgresql.jdbc.PgConnection@3c54ddec
2024-11-02 17:55:35 INFO  com.zaxxer.hikari.HikariDataSource - HikariPool-1 - Start completed.
2024-11-02 17:55:35 WARN  org.hibernate.orm.deprecation - HHH90000025: PostgreSQLDialect does not need to be specified explicitly using 'hibernate.dialect' (remove the property setting and it will be selected by default)
2024-11-02 17:55:43 INFO  o.h.e.t.j.p.i.JtaPlatformInitiator - HHH000489: No JTA platform available (set 'hibernate.transaction.jta.platform' to enable JTA platform integration)
2024-11-02 17:55:44 INFO  o.s.o.j.LocalContainerEntityManagerFactoryBean - Initialized JPA EntityManagerFactory for persistence unit 'default'
2024-11-02 17:55:47 INFO  cz.itnetwork.evidencepojisteni.Main - Started Main in 38.032 seconds (process running for 48.733)
2024-11-02 18:25:09 INFO  cz.itnetwork.evidencepojisteni.Main - Starting Main using Java 22.0.1 with PID 8228 (C:\Users\uživatel\Dropbox\Java_Projects\ZaverecnyProjektSach\target\classes started by uživatel in C:\Users\uživatel\Dropbox\Java_Projects\ZaverecnyProjektSach)
2024-11-02 18:25:09 INFO  cz.itnetwork.evidencepojisteni.Main - No active profile set, falling back to 1 default profile: "default"
2024-11-02 18:25:12 INFO  o.s.d.r.c.RepositoryConfigurationDelegate - Bootstrapping Spring Data JPA repositories in DEFAULT mode.
2024-11-02 18:25:12 INFO  o.s.d.r.c.RepositoryConfigurationDelegate - Finished Spring Data repository scanning in 195 ms. Found 1 JPA repository interface.
2024-11-02 18:25:14 INFO  o.h.jpa.internal.util.LogHelper - HHH000204: Processing PersistenceUnitInfo [name: default]
2024-11-02 18:25:14 INFO  org.hibernate.Version - HHH000412: Hibernate ORM core version 6.5.3.Final
2024-11-02 18:25:15 INFO  o.h.c.i.RegionFactoryInitiator - HHH000026: Second-level cache disabled
2024-11-02 18:25:16 INFO  o.s.o.j.p.SpringPersistenceUnitInfo - No LoadTimeWeaver setup: ignoring JPA class transformer
2024-11-02 18:25:16 INFO  com.zaxxer.hikari.HikariDataSource - HikariPool-1 - Starting...
2024-11-02 18:25:19 INFO  com.zaxxer.hikari.pool.HikariPool - HikariPool-1 - Added connection org.postgresql.jdbc.PgConnection@257f30f7
2024-11-02 18:25:19 INFO  com.zaxxer.hikari.HikariDataSource - HikariPool-1 - Start completed.
2024-11-02 18:25:20 WARN  org.hibernate.orm.deprecation - HHH90000025: PostgreSQLDialect does not need to be specified explicitly using 'hibernate.dialect' (remove the property setting and it will be selected by default)
2024-11-02 18:25:24 INFO  o.h.e.t.j.p.i.JtaPlatformInitiator - HHH000489: No JTA platform available (set 'hibernate.transaction.jta.platform' to enable JTA platform integration)
2024-11-02 18:25:25 INFO  o.s.o.j.LocalContainerEntityManagerFactoryBean - Initialized JPA EntityManagerFactory for persistence unit 'default'
2024-11-02 18:25:27 INFO  cz.itnetwork.evidencepojisteni.Main - Started Main in 20.088 seconds (process running for 30.621)
2024-11-02 18:32:21 DEBUG org.hibernate.SQL - select ie1_0.id,ie1_0.jmeno,ie1_0.prijmeni,ie1_0.telefon,ie1_0.vek from insured_entity ie1_0 order by ie1_0.prijmeni
2024-11-02 18:40:16 INFO  cz.itnetwork.evidencepojisteni.Main - Starting Main using Java 22.0.1 with PID 10000 (C:\Users\uživatel\Dropbox\Java_Projects\ZaverecnyProjektSach\target\classes started by uživatel in C:\Users\uživatel\Dropbox\Java_Projects\ZaverecnyProjektSach)
2024-11-02 18:40:16 INFO  cz.itnetwork.evidencepojisteni.Main - No active profile set, falling back to 1 default profile: "default"
2024-11-02 18:40:19 INFO  o.s.d.r.c.RepositoryConfigurationDelegate - Bootstrapping Spring Data JPA repositories in DEFAULT mode.
2024-11-02 18:40:20 INFO  o.s.d.r.c.RepositoryConfigurationDelegate - Finished Spring Data repository scanning in 173 ms. Found 1 JPA repository interface.
2024-11-02 18:40:22 INFO  o.h.jpa.internal.util.LogHelper - HHH000204: Processing PersistenceUnitInfo [name: default]
2024-11-02 18:40:23 INFO  org.hibernate.Version - HHH000412: Hibernate ORM core version 6.5.3.Final
2024-11-02 18:40:23 INFO  o.h.c.i.RegionFactoryInitiator - HHH000026: Second-level cache disabled
2024-11-02 18:40:24 INFO  o.s.o.j.p.SpringPersistenceUnitInfo - No LoadTimeWeaver setup: ignoring JPA class transformer
2024-11-02 18:40:24 INFO  com.zaxxer.hikari.HikariDataSource - HikariPool-1 - Starting...
2024-11-02 18:40:28 INFO  com.zaxxer.hikari.pool.HikariPool - HikariPool-1 - Added connection org.postgresql.jdbc.PgConnection@257f30f7
2024-11-02 18:40:28 INFO  com.zaxxer.hikari.HikariDataSource - HikariPool-1 - Start completed.
2024-11-02 18:40:28 WARN  org.hibernate.orm.deprecation - HHH90000025: PostgreSQLDialect does not need to be specified explicitly using 'hibernate.dialect' (remove the property setting and it will be selected by default)
2024-11-02 18:40:32 INFO  o.h.e.t.j.p.i.JtaPlatformInitiator - HHH000489: No JTA platform available (set 'hibernate.transaction.jta.platform' to enable JTA platform integration)
2024-11-02 18:40:32 INFO  o.s.o.j.LocalContainerEntityManagerFactoryBean - Initialized JPA EntityManagerFactory for persistence unit 'default'
2024-11-02 18:40:34 INFO  cz.itnetwork.evidencepojisteni.Main - Started Main in 20.29 seconds (process running for 28.394)
2024-11-02 18:58:32 DEBUG org.hibernate.SQL - select ie1_0.id,ie1_0.jmeno,ie1_0.prijmeni,ie1_0.telefon,ie1_0.vek from insured_entity ie1_0 order by ie1_0.prijmeni
2024-11-02 18:58:49 INFO  c.i.e.e.h.RecoverableExceptionHandler - An invalid user input has been entered. 
cz.itnetwork.evidencepojisteni.exception.InvalidUserInputException: Pole nemůže být prázdné. 
	at cz.itnetwork.evidencepojisteni.validation.ValidatorVstupu.zvaliduj(ValidatorVstupu.java:155)
	at cz.itnetwork.evidencepojisteni.controller.InsuredController.zajistiValidniVstup(InsuredController.java:255)
	at cz.itnetwork.evidencepojisteni.controller.InsuredController.pridejPojistence(InsuredController.java:188)
	at cz.itnetwork.evidencepojisteni.controller.InsuredController.ziskejVolbuZUvodniNabidky(InsuredController.java:69)
	at cz.itnetwork.evidencepojisteni.controller.InsuredController.zahajPraciSPojistencem(InsuredController.java:176)
	at cz.itnetwork.evidencepojisteni.controller.InsuredController.vratNalezenePojistence(InsuredController.java:142)
	at cz.itnetwork.evidencepojisteni.controller.InsuredController.ziskejVsechnyPojistence(InsuredController.java:81)
	at cz.itnetwork.evidencepojisteni.controller.InsuredController.ziskejVolbuZUvodniNabidky(InsuredController.java:63)
	at cz.itnetwork.evidencepojisteni.controller.InsuredController.run(InsuredController.java:51)
	at cz.itnetwork.evidencepojisteni.Main.main(Main.java:22)
2024-11-02 18:58:54 INFO  c.i.e.e.h.RecoverableExceptionHandler - An invalid user input has been entered. 
cz.itnetwork.evidencepojisteni.exception.InvalidUserInputException: Pole nemůže být prázdné. 
	at cz.itnetwork.evidencepojisteni.validation.ValidatorVstupu.zvaliduj(ValidatorVstupu.java:155)
	at cz.itnetwork.evidencepojisteni.controller.InsuredController.zajistiValidniVstup(InsuredController.java:255)
	at cz.itnetwork.evidencepojisteni.controller.InsuredController.pridejPojistence(InsuredController.java:188)
	at cz.itnetwork.evidencepojisteni.controller.InsuredController.ziskejVolbuZUvodniNabidky(InsuredController.java:69)
	at cz.itnetwork.evidencepojisteni.controller.InsuredController.zahajPraciSPojistencem(InsuredController.java:176)
	at cz.itnetwork.evidencepojisteni.controller.InsuredController.vratNalezenePojistence(InsuredController.java:142)
	at cz.itnetwork.evidencepojisteni.controller.InsuredController.ziskejVsechnyPojistence(InsuredController.java:81)
	at cz.itnetwork.evidencepojisteni.controller.InsuredController.ziskejVolbuZUvodniNabidky(InsuredController.java:63)
	at cz.itnetwork.evidencepojisteni.controller.InsuredController.run(InsuredController.java:51)
	at cz.itnetwork.evidencepojisteni.Main.main(Main.java:22)
2024-11-02 18:59:14 DEBUG org.hibernate.SQL - insert into insured_entity (jmeno,prijmeni,telefon,vek) values (?,?,?,?) returning id
2024-11-02 18:59:18 DEBUG org.hibernate.SQL - select ie1_0.id,ie1_0.jmeno,ie1_0.prijmeni,ie1_0.telefon,ie1_0.vek from insured_entity ie1_0 order by ie1_0.prijmeni
2024-11-03 09:24:20 INFO  cz.itnetwork.evidencepojisteni.Main - Starting Main using Java 22.0.1 with PID 10268 (C:\Users\uživatel\Dropbox\Java_Projects\ZaverecnyProjektSach\target\classes started by uživatel in C:\Users\uživatel\Dropbox\Java_Projects\ZaverecnyProjektSach)
2024-11-03 09:24:20 INFO  cz.itnetwork.evidencepojisteni.Main - No active profile set, falling back to 1 default profile: "default"
2024-11-03 09:24:23 INFO  o.s.d.r.c.RepositoryConfigurationDelegate - Bootstrapping Spring Data JPA repositories in DEFAULT mode.
2024-11-03 09:24:24 INFO  o.s.d.r.c.RepositoryConfigurationDelegate - Finished Spring Data repository scanning in 200 ms. Found 1 JPA repository interface.
2024-11-03 09:24:25 INFO  o.h.jpa.internal.util.LogHelper - HHH000204: Processing PersistenceUnitInfo [name: default]
2024-11-03 09:24:26 INFO  org.hibernate.Version - HHH000412: Hibernate ORM core version 6.5.3.Final
2024-11-03 09:24:26 INFO  o.h.c.i.RegionFactoryInitiator - HHH000026: Second-level cache disabled
2024-11-03 09:24:27 INFO  o.s.o.j.p.SpringPersistenceUnitInfo - No LoadTimeWeaver setup: ignoring JPA class transformer
2024-11-03 09:24:28 INFO  com.zaxxer.hikari.HikariDataSource - HikariPool-1 - Starting...
2024-11-03 09:24:32 INFO  com.zaxxer.hikari.pool.HikariPool - HikariPool-1 - Added connection org.postgresql.jdbc.PgConnection@3fde2209
2024-11-03 09:24:32 INFO  com.zaxxer.hikari.HikariDataSource - HikariPool-1 - Start completed.
2024-11-03 09:24:33 WARN  org.hibernate.orm.deprecation - HHH90000025: PostgreSQLDialect does not need to be specified explicitly using 'hibernate.dialect' (remove the property setting and it will be selected by default)
2024-11-03 09:24:38 INFO  o.h.e.t.j.p.i.JtaPlatformInitiator - HHH000489: No JTA platform available (set 'hibernate.transaction.jta.platform' to enable JTA platform integration)
2024-11-03 09:24:39 INFO  o.s.o.j.LocalContainerEntityManagerFactoryBean - Initialized JPA EntityManagerFactory for persistence unit 'default'
2024-11-03 09:24:41 INFO  cz.itnetwork.evidencepojisteni.Main - Started Main in 23.618 seconds (process running for 30.524)
2024-11-03 09:24:45 DEBUG org.hibernate.SQL - select ie1_0.id,ie1_0.jmeno,ie1_0.prijmeni,ie1_0.telefon,ie1_0.vek from insured_entity ie1_0 order by ie1_0.prijmeni
2024-11-03 09:37:28 INFO  o.s.t.c.s.AnnotationConfigContextLoaderUtils - Could not detect default configuration classes for test class [cz.itnetwork.evidencepojisteni.persistence.repository.InsuredRepositoryTest]: InsuredRepositoryTest does not declare any static, non-private, non-final, nested classes annotated with @Configuration.
2024-11-03 09:37:29 INFO  o.s.b.t.c.SpringBootTestContextBootstrapper - Found @SpringBootConfiguration cz.itnetwork.evidencepojisteni.Main for test class cz.itnetwork.evidencepojisteni.persistence.repository.InsuredRepositoryTest
2024-11-03 09:37:34 INFO  c.i.e.p.r.InsuredRepositoryTest - Starting InsuredRepositoryTest using Java 22.0.1 with PID 5256 (started by uživatel in C:\Users\uživatel\Dropbox\Java_Projects\ZaverecnyProjektSach)
2024-11-03 09:37:34 INFO  c.i.e.p.r.InsuredRepositoryTest - No active profile set, falling back to 1 default profile: "default"
2024-11-03 09:37:37 INFO  o.s.d.r.c.RepositoryConfigurationDelegate - Bootstrapping Spring Data JPA repositories in DEFAULT mode.
2024-11-03 09:37:38 INFO  o.s.d.r.c.RepositoryConfigurationDelegate - Finished Spring Data repository scanning in 1186 ms. Found 1 JPA repository interface.
2024-11-03 09:37:42 INFO  o.h.jpa.internal.util.LogHelper - HHH000204: Processing PersistenceUnitInfo [name: default]
2024-11-03 09:37:44 INFO  org.hibernate.Version - HHH000412: Hibernate ORM core version 6.5.3.Final
2024-11-03 09:37:45 INFO  o.h.c.i.RegionFactoryInitiator - HHH000026: Second-level cache disabled
2024-11-03 09:37:54 INFO  o.s.o.j.p.SpringPersistenceUnitInfo - No LoadTimeWeaver setup: ignoring JPA class transformer
2024-11-03 09:37:59 INFO  com.zaxxer.hikari.HikariDataSource - HikariPool-1 - Starting...
2024-11-03 09:38:12 INFO  com.zaxxer.hikari.pool.HikariPool - HikariPool-1 - Added connection org.postgresql.jdbc.PgConnection@350bbd5d
2024-11-03 09:38:12 INFO  com.zaxxer.hikari.HikariDataSource - HikariPool-1 - Start completed.
2024-11-03 09:38:12 WARN  org.hibernate.orm.deprecation - HHH90000025: PostgreSQLDialect does not need to be specified explicitly using 'hibernate.dialect' (remove the property setting and it will be selected by default)
2024-11-03 09:38:17 INFO  o.h.e.t.j.p.i.JtaPlatformInitiator - HHH000489: No JTA platform available (set 'hibernate.transaction.jta.platform' to enable JTA platform integration)
2024-11-03 09:38:17 INFO  o.s.o.j.LocalContainerEntityManagerFactoryBean - Initialized JPA EntityManagerFactory for persistence unit 'default'
2024-11-03 09:38:20 INFO  c.i.e.p.r.InsuredRepositoryTest - Started InsuredRepositoryTest in 49.267 seconds (process running for 62.695)
2024-11-03 09:38:25 DEBUG org.hibernate.SQL - insert into insured_entity (jmeno,prijmeni,telefon,vek) values (?,?,?,?) returning id
2024-11-03 09:38:26 DEBUG org.hibernate.SQL - insert into insured_entity (jmeno,prijmeni,telefon,vek) values (?,?,?,?) returning id
2024-11-03 09:38:26 DEBUG org.hibernate.SQL - insert into insured_entity (jmeno,prijmeni,telefon,vek) values (?,?,?,?) returning id
2024-11-03 09:38:27 INFO  o.s.o.j.LocalContainerEntityManagerFactoryBean - Closing JPA EntityManagerFactory for persistence unit 'default'
2024-11-03 09:38:27 INFO  com.zaxxer.hikari.HikariDataSource - HikariPool-1 - Shutdown initiated...
2024-11-03 09:38:28 INFO  com.zaxxer.hikari.HikariDataSource - HikariPool-1 - Shutdown completed.
